  [1m[35m (0.1ms)[0m  [1m[34mSELECT sqlite_version(*)[0m
  ↳ /Users/d.hallada/.rvm/rubies/ruby-2.6.1/lib/ruby/gems/2.6.0/gems/rake-12.3.2/lib/rake/task.rb:273
  [1m[35m (1.0ms)[0m  [1m[35mCREATE TABLE "schema_migrations" ("version" varchar NOT NULL PRIMARY KEY)[0m
  ↳ /Users/d.hallada/.rvm/rubies/ruby-2.6.1/lib/ruby/gems/2.6.0/gems/rake-12.3.2/lib/rake/task.rb:273
  [1m[35m (1.1ms)[0m  [1m[35mCREATE TABLE "ar_internal_metadata" ("key" varchar NOT NULL PRIMARY KEY, "value" varchar, "created_at" datetime NOT NULL, "updated_at" datetime NOT NULL)[0m
  ↳ /Users/d.hallada/.rvm/rubies/ruby-2.6.1/lib/ruby/gems/2.6.0/gems/rake-12.3.2/lib/rake/task.rb:273
  [1m[35m (0.2ms)[0m  [1m[34mSELECT "schema_migrations"."version" FROM "schema_migrations" ORDER BY "schema_migrations"."version" ASC[0m
  ↳ /Users/d.hallada/.rvm/rubies/ruby-2.6.1/lib/ruby/gems/2.6.0/gems/rake-12.3.2/lib/rake/task.rb:273
Migrating to CreateBreweries (20190506161158)
  [1m[35m (0.1ms)[0m  [1m[34mSELECT "schema_migrations"."version" FROM "schema_migrations" ORDER BY "schema_migrations"."version" ASC[0m
  ↳ /Users/d.hallada/.rvm/rubies/ruby-2.6.1/lib/ruby/gems/2.6.0/gems/rake-12.3.2/lib/rake/task.rb:273
Migrating to CreateBreweries (20190506161158)
  [1m[35m (0.1ms)[0m  [1m[34mSELECT "schema_migrations"."version" FROM "schema_migrations" ORDER BY "schema_migrations"."version" ASC[0m
  ↳ /Users/d.hallada/.rvm/rubies/ruby-2.6.1/lib/ruby/gems/2.6.0/gems/rake-12.3.2/lib/rake/task.rb:273
Migrating to CreateBreweries (20190506161158)
  [1m[35m (0.1ms)[0m  [1m[34mSELECT "schema_migrations"."version" FROM "schema_migrations" ORDER BY "schema_migrations"."version" ASC[0m
  ↳ /Users/d.hallada/.rvm/rubies/ruby-2.6.1/lib/ruby/gems/2.6.0/gems/rake-12.3.2/lib/rake/task.rb:273
Migrating to CreateBreweries (20190506161158)
  [1m[35m (0.1ms)[0m  [1m[36mbegin transaction[0m
  ↳ /Users/d.hallada/.rvm/rubies/ruby-2.6.1/lib/ruby/gems/2.6.0/gems/rake-12.3.2/lib/rake/task.rb:273
  [1m[35m (0.1ms)[0m  [1m[34mSELECT sqlite_version(*)[0m
  ↳ db/migrate/20190506161158_create_breweries.rb:3
  [1m[35m (0.4ms)[0m  [1m[35mCREATE TABLE "breweries" ("id" integer PRIMARY KEY AUTOINCREMENT NOT NULL, "name" varchar, "city" varchar, "state" varchar, "created_at" datetime NOT NULL, "updated_at" datetime NOT NULL)[0m
  ↳ db/migrate/20190506161158_create_breweries.rb:3
  [1m[36mActiveRecord::SchemaMigration Create (0.1ms)[0m  [1m[32mINSERT INTO "schema_migrations" ("version") VALUES (?)[0m  [["version", "20190506161158"]]
  ↳ /Users/d.hallada/.rvm/rubies/ruby-2.6.1/lib/ruby/gems/2.6.0/gems/rake-12.3.2/lib/rake/task.rb:273
  [1m[35m (1.1ms)[0m  [1m[36mcommit transaction[0m
  ↳ /Users/d.hallada/.rvm/rubies/ruby-2.6.1/lib/ruby/gems/2.6.0/gems/rake-12.3.2/lib/rake/task.rb:273
Migrating to CreateBeers (20190506161959)
  [1m[35m (0.1ms)[0m  [1m[36mbegin transaction[0m
  ↳ /Users/d.hallada/.rvm/rubies/ruby-2.6.1/lib/ruby/gems/2.6.0/gems/rake-12.3.2/lib/rake/task.rb:273
  [1m[35m (0.3ms)[0m  [1m[35mCREATE TABLE "beers" ("id" integer PRIMARY KEY AUTOINCREMENT NOT NULL, "name" varchar, "style" varchar, "ABV" float, "IBU" integer, "description" varchar, "available" boolean, "price" float, "availability" varchar, "on_site_purchase" boolean, "glass_size" integer, "image" varchar, "created_at" datetime NOT NULL, "updated_at" datetime NOT NULL)[0m
  ↳ db/migrate/20190506161959_create_beers.rb:3
  [1m[36mActiveRecord::SchemaMigration Create (0.1ms)[0m  [1m[32mINSERT INTO "schema_migrations" ("version") VALUES (?)[0m  [["version", "20190506161959"]]
  ↳ /Users/d.hallada/.rvm/rubies/ruby-2.6.1/lib/ruby/gems/2.6.0/gems/rake-12.3.2/lib/rake/task.rb:273
  [1m[35m (0.6ms)[0m  [1m[36mcommit transaction[0m
  ↳ /Users/d.hallada/.rvm/rubies/ruby-2.6.1/lib/ruby/gems/2.6.0/gems/rake-12.3.2/lib/rake/task.rb:273
  [1m[36mActiveRecord::InternalMetadata Load (0.1ms)[0m  [1m[34mSELECT  "ar_internal_metadata".* FROM "ar_internal_metadata" WHERE "ar_internal_metadata"."key" = ? LIMIT ?[0m  [["key", "environment"], ["LIMIT", 1]]
  ↳ /Users/d.hallada/.rvm/rubies/ruby-2.6.1/lib/ruby/gems/2.6.0/gems/rake-12.3.2/lib/rake/task.rb:273
  [1m[35m (0.0ms)[0m  [1m[36mbegin transaction[0m
  ↳ /Users/d.hallada/.rvm/rubies/ruby-2.6.1/lib/ruby/gems/2.6.0/gems/rake-12.3.2/lib/rake/task.rb:273
  [1m[36mActiveRecord::InternalMetadata Create (0.3ms)[0m  [1m[32mINSERT INTO "ar_internal_metadata" ("key", "value", "created_at", "updated_at") VALUES (?, ?, ?, ?)[0m  [["key", "environment"], ["value", "development"], ["created_at", "2019-05-06 16:58:41.663755"], ["updated_at", "2019-05-06 16:58:41.663755"]]
  ↳ /Users/d.hallada/.rvm/rubies/ruby-2.6.1/lib/ruby/gems/2.6.0/gems/rake-12.3.2/lib/rake/task.rb:273
  [1m[35m (0.6ms)[0m  [1m[36mcommit transaction[0m
  ↳ /Users/d.hallada/.rvm/rubies/ruby-2.6.1/lib/ruby/gems/2.6.0/gems/rake-12.3.2/lib/rake/task.rb:273
  [1m[35m (0.1ms)[0m  [1m[34mSELECT "schema_migrations"."version" FROM "schema_migrations" ORDER BY "schema_migrations"."version" ASC[0m
  ↳ /Users/d.hallada/.rvm/rubies/ruby-2.6.1/lib/ruby/gems/2.6.0/gems/rake-12.3.2/lib/rake/task.rb:273
  [1m[35m (0.1ms)[0m  [1m[34mSELECT "schema_migrations"."version" FROM "schema_migrations" ORDER BY "schema_migrations"."version" ASC[0m
  ↳ /Users/d.hallada/.rvm/rubies/ruby-2.6.1/lib/ruby/gems/2.6.0/gems/rake-12.3.2/lib/rake/task.rb:273
  [1m[35m (0.1ms)[0m  [1m[34mSELECT "schema_migrations"."version" FROM "schema_migrations" ORDER BY "schema_migrations"."version" ASC[0m
  ↳ /Users/d.hallada/.rvm/rubies/ruby-2.6.1/lib/ruby/gems/2.6.0/gems/rake-12.3.2/lib/rake/task.rb:273
  [1m[35m (0.1ms)[0m  [1m[34mSELECT "schema_migrations"."version" FROM "schema_migrations" ORDER BY "schema_migrations"."version" ASC[0m
  ↳ /Users/d.hallada/.rvm/rubies/ruby-2.6.1/lib/ruby/gems/2.6.0/gems/rake-12.3.2/lib/rake/task.rb:273
  [1m[35m (0.1ms)[0m  [1m[34mSELECT "schema_migrations"."version" FROM "schema_migrations" ORDER BY "schema_migrations"."version" ASC[0m
  ↳ /Users/d.hallada/.rvm/rubies/ruby-2.6.1/lib/ruby/gems/2.6.0/gems/rake-12.3.2/lib/rake/task.rb:273
  [1m[35m (0.1ms)[0m  [1m[34mSELECT "schema_migrations"."version" FROM "schema_migrations" ORDER BY "schema_migrations"."version" ASC[0m
  ↳ /Users/d.hallada/.rvm/rubies/ruby-2.6.1/lib/ruby/gems/2.6.0/gems/rake-12.3.2/lib/rake/task.rb:273
  [1m[36mBrewery Load (0.2ms)[0m  [1m[34mSELECT  "breweries".* FROM "breweries" WHERE "breweries"."name" = ? LIMIT ?[0m  [["name", "Anheuser-Busch InBev"], ["LIMIT", 1]]
  ↳ db/seeds.rb:18
  [1m[35m (0.0ms)[0m  [1m[36mbegin transaction[0m
  ↳ db/seeds.rb:18
  [1m[36mBrewery Create (0.4ms)[0m  [1m[32mINSERT INTO "breweries" ("name", "created_at", "updated_at") VALUES (?, ?, ?)[0m  [["name", "Anheuser-Busch InBev"], ["created_at", "2019-05-06 17:02:08.384488"], ["updated_at", "2019-05-06 17:02:08.384488"]]
  ↳ db/seeds.rb:18
  [1m[35m (0.7ms)[0m  [1m[36mcommit transaction[0m
  ↳ db/seeds.rb:18
  [1m[36mBrewery Load (0.1ms)[0m  [1m[34mSELECT  "breweries".* FROM "breweries" WHERE "breweries"."name" = ? LIMIT ?[0m  [["name", "Boston Beer Company (Samuel Adams)"], ["LIMIT", 1]]
  ↳ db/seeds.rb:18
  [1m[35m (0.0ms)[0m  [1m[36mbegin transaction[0m
  ↳ db/seeds.rb:18
  [1m[36mBrewery Create (0.3ms)[0m  [1m[32mINSERT INTO "breweries" ("name", "created_at", "updated_at") VALUES (?, ?, ?)[0m  [["name", "Boston Beer Company (Samuel Adams)"], ["created_at", "2019-05-06 17:02:08.387327"], ["updated_at", "2019-05-06 17:02:08.387327"]]
  ↳ db/seeds.rb:18
  [1m[35m (1.1ms)[0m  [1m[36mcommit transaction[0m
  ↳ db/seeds.rb:18
  [1m[35m (0.2ms)[0m  [1m[34mSELECT "schema_migrations"."version" FROM "schema_migrations" ORDER BY "schema_migrations"."version" ASC[0m
  ↳ /Users/d.hallada/.rvm/rubies/ruby-2.6.1/lib/ruby/gems/2.6.0/gems/rake-12.3.2/lib/rake/task.rb:273
  [1m[35m (0.5ms)[0m  [1m[34mSELECT "ar_internal_metadata"."value" FROM "ar_internal_metadata" WHERE "ar_internal_metadata"."key" = ?[0m  [["key", "environment"]]
  ↳ /Users/d.hallada/.rvm/rubies/ruby-2.6.1/lib/ruby/gems/2.6.0/gems/rake-12.3.2/lib/rake/task.rb:273
  [1m[35m (0.1ms)[0m  [1m[34mSELECT "schema_migrations"."version" FROM "schema_migrations" ORDER BY "schema_migrations"."version" ASC[0m
  ↳ /Users/d.hallada/.rvm/rubies/ruby-2.6.1/lib/ruby/gems/2.6.0/gems/rake-12.3.2/lib/rake/task.rb:273
  [1m[35m (0.1ms)[0m  [1m[34mSELECT "ar_internal_metadata"."value" FROM "ar_internal_metadata" WHERE "ar_internal_metadata"."key" = ?[0m  [["key", "environment"]]
  ↳ /Users/d.hallada/.rvm/rubies/ruby-2.6.1/lib/ruby/gems/2.6.0/gems/rake-12.3.2/lib/rake/task.rb:273
  [1m[35m (0.1ms)[0m  [1m[34mSELECT "schema_migrations"."version" FROM "schema_migrations" ORDER BY "schema_migrations"."version" ASC[0m
  ↳ /Users/d.hallada/.rvm/rubies/ruby-2.6.1/lib/ruby/gems/2.6.0/gems/rake-12.3.2/lib/rake/task.rb:273
  [1m[35m (0.1ms)[0m  [1m[34mSELECT "ar_internal_metadata"."value" FROM "ar_internal_metadata" WHERE "ar_internal_metadata"."key" = ?[0m  [["key", "environment"]]
  ↳ /Users/d.hallada/.rvm/rubies/ruby-2.6.1/lib/ruby/gems/2.6.0/gems/rake-12.3.2/lib/rake/task.rb:273
  [1m[35m (0.1ms)[0m  [1m[34mSELECT sqlite_version(*)[0m
  ↳ /Users/d.hallada/.rvm/rubies/ruby-2.6.1/lib/ruby/gems/2.6.0/gems/rake-12.3.2/lib/rake/task.rb:273
  [1m[35m (3.2ms)[0m  [1m[35mCREATE TABLE "schema_migrations" ("version" varchar NOT NULL PRIMARY KEY)[0m
  ↳ /Users/d.hallada/.rvm/rubies/ruby-2.6.1/lib/ruby/gems/2.6.0/gems/rake-12.3.2/lib/rake/task.rb:273
  [1m[35m (0.9ms)[0m  [1m[35mCREATE TABLE "ar_internal_metadata" ("key" varchar NOT NULL PRIMARY KEY, "value" varchar, "created_at" datetime NOT NULL, "updated_at" datetime NOT NULL)[0m
  ↳ /Users/d.hallada/.rvm/rubies/ruby-2.6.1/lib/ruby/gems/2.6.0/gems/rake-12.3.2/lib/rake/task.rb:273
  [1m[35m (0.3ms)[0m  [1m[34mSELECT "schema_migrations"."version" FROM "schema_migrations" ORDER BY "schema_migrations"."version" ASC[0m
  ↳ /Users/d.hallada/.rvm/rubies/ruby-2.6.1/lib/ruby/gems/2.6.0/gems/rake-12.3.2/lib/rake/task.rb:273
  [1m[35m (0.1ms)[0m  [1m[34mSELECT "schema_migrations"."version" FROM "schema_migrations" ORDER BY "schema_migrations"."version" ASC[0m
  ↳ /Users/d.hallada/.rvm/rubies/ruby-2.6.1/lib/ruby/gems/2.6.0/gems/rake-12.3.2/lib/rake/task.rb:273
Migrating to CreateBreweries (20190506161158)
  [1m[35m (0.1ms)[0m  [1m[36mbegin transaction[0m
  ↳ /Users/d.hallada/.rvm/rubies/ruby-2.6.1/lib/ruby/gems/2.6.0/gems/rake-12.3.2/lib/rake/task.rb:273
  [1m[35m (0.1ms)[0m  [1m[34mSELECT sqlite_version(*)[0m
  ↳ db/migrate/20190506161158_create_breweries.rb:3
  [1m[35m (0.4ms)[0m  [1m[35mCREATE TABLE "breweries" ("id" integer PRIMARY KEY AUTOINCREMENT NOT NULL, "name" varchar, "city" varchar, "state" varchar, "created_at" datetime NOT NULL, "updated_at" datetime NOT NULL)[0m
  ↳ db/migrate/20190506161158_create_breweries.rb:3
  [1m[36mActiveRecord::SchemaMigration Create (0.1ms)[0m  [1m[32mINSERT INTO "schema_migrations" ("version") VALUES (?)[0m  [["version", "20190506161158"]]
  ↳ /Users/d.hallada/.rvm/rubies/ruby-2.6.1/lib/ruby/gems/2.6.0/gems/rake-12.3.2/lib/rake/task.rb:273
  [1m[35m (1.1ms)[0m  [1m[36mcommit transaction[0m
  ↳ /Users/d.hallada/.rvm/rubies/ruby-2.6.1/lib/ruby/gems/2.6.0/gems/rake-12.3.2/lib/rake/task.rb:273
Migrating to CreateBeers (20190506161959)
  [1m[35m (0.1ms)[0m  [1m[36mbegin transaction[0m
  ↳ /Users/d.hallada/.rvm/rubies/ruby-2.6.1/lib/ruby/gems/2.6.0/gems/rake-12.3.2/lib/rake/task.rb:273
  [1m[35m (0.4ms)[0m  [1m[35mCREATE TABLE "beers" ("id" integer PRIMARY KEY AUTOINCREMENT NOT NULL, "name" varchar, "style" varchar, "ABV" float, "IBU" integer, "description" varchar, "available" boolean, "price" float, "availability" varchar, "on_site_purchase" boolean, "glass_size" integer, "image" varchar, "created_at" datetime NOT NULL, "updated_at" datetime NOT NULL)[0m
  ↳ db/migrate/20190506161959_create_beers.rb:3
  [1m[36mActiveRecord::SchemaMigration Create (0.1ms)[0m  [1m[32mINSERT INTO "schema_migrations" ("version") VALUES (?)[0m  [["version", "20190506161959"]]
  ↳ /Users/d.hallada/.rvm/rubies/ruby-2.6.1/lib/ruby/gems/2.6.0/gems/rake-12.3.2/lib/rake/task.rb:273
  [1m[35m (0.9ms)[0m  [1m[36mcommit transaction[0m
  ↳ /Users/d.hallada/.rvm/rubies/ruby-2.6.1/lib/ruby/gems/2.6.0/gems/rake-12.3.2/lib/rake/task.rb:273
  [1m[36mActiveRecord::InternalMetadata Load (0.2ms)[0m  [1m[34mSELECT  "ar_internal_metadata".* FROM "ar_internal_metadata" WHERE "ar_internal_metadata"."key" = ? LIMIT ?[0m  [["key", "environment"], ["LIMIT", 1]]
  ↳ /Users/d.hallada/.rvm/rubies/ruby-2.6.1/lib/ruby/gems/2.6.0/gems/rake-12.3.2/lib/rake/task.rb:273
  [1m[35m (0.0ms)[0m  [1m[36mbegin transaction[0m
  ↳ /Users/d.hallada/.rvm/rubies/ruby-2.6.1/lib/ruby/gems/2.6.0/gems/rake-12.3.2/lib/rake/task.rb:273
  [1m[36mActiveRecord::InternalMetadata Create (0.3ms)[0m  [1m[32mINSERT INTO "ar_internal_metadata" ("key", "value", "created_at", "updated_at") VALUES (?, ?, ?, ?)[0m  [["key", "environment"], ["value", "development"], ["created_at", "2019-05-06 17:18:01.569391"], ["updated_at", "2019-05-06 17:18:01.569391"]]
  ↳ /Users/d.hallada/.rvm/rubies/ruby-2.6.1/lib/ruby/gems/2.6.0/gems/rake-12.3.2/lib/rake/task.rb:273
  [1m[35m (0.8ms)[0m  [1m[36mcommit transaction[0m
  ↳ /Users/d.hallada/.rvm/rubies/ruby-2.6.1/lib/ruby/gems/2.6.0/gems/rake-12.3.2/lib/rake/task.rb:273
  [1m[35m (0.1ms)[0m  [1m[34mSELECT "schema_migrations"."version" FROM "schema_migrations" ORDER BY "schema_migrations"."version" ASC[0m
  ↳ /Users/d.hallada/.rvm/rubies/ruby-2.6.1/lib/ruby/gems/2.6.0/gems/rake-12.3.2/lib/rake/task.rb:273
  [1m[35m (0.1ms)[0m  [1m[34mSELECT "schema_migrations"."version" FROM "schema_migrations" ORDER BY "schema_migrations"."version" ASC[0m
  ↳ /Users/d.hallada/.rvm/rubies/ruby-2.6.1/lib/ruby/gems/2.6.0/gems/rake-12.3.2/lib/rake/task.rb:273
  [1m[36mBrewery Load (0.1ms)[0m  [1m[34mSELECT  "breweries".* FROM "breweries" WHERE "breweries"."name" = ? LIMIT ?[0m  [["name", "Anheuser-Busch InBev"], ["LIMIT", 1]]
  ↳ db/seeds.rb:18
  [1m[35m (0.1ms)[0m  [1m[36mbegin transaction[0m
  ↳ db/seeds.rb:18
  [1m[36mBrewery Create (0.4ms)[0m  [1m[32mINSERT INTO "breweries" ("name", "created_at", "updated_at") VALUES (?, ?, ?)[0m  [["name", "Anheuser-Busch InBev"], ["created_at", "2019-05-06 17:18:05.269483"], ["updated_at", "2019-05-06 17:18:05.269483"]]
  ↳ db/seeds.rb:18
  [1m[35m (1.3ms)[0m  [1m[36mcommit transaction[0m
  ↳ db/seeds.rb:18
  [1m[36mBrewery Load (0.2ms)[0m  [1m[34mSELECT  "breweries".* FROM "breweries" WHERE "breweries"."name" = ? LIMIT ?[0m  [["name", "Boston Beer Company (Samuel Adams)"], ["LIMIT", 1]]
  ↳ db/seeds.rb:18
  [1m[35m (0.0ms)[0m  [1m[36mbegin transaction[0m
  ↳ db/seeds.rb:18
  [1m[36mBrewery Create (0.4ms)[0m  [1m[32mINSERT INTO "breweries" ("name", "created_at", "updated_at") VALUES (?, ?, ?)[0m  [["name", "Boston Beer Company (Samuel Adams)"], ["created_at", "2019-05-06 17:18:05.273914"], ["updated_at", "2019-05-06 17:18:05.273914"]]
  ↳ db/seeds.rb:18
  [1m[35m (0.8ms)[0m  [1m[36mcommit transaction[0m
  ↳ db/seeds.rb:18
  [1m[36mBrewery Load (0.1ms)[0m  [1m[34mSELECT  "breweries".* FROM "breweries" WHERE "breweries"."name" = ? LIMIT ?[0m  [["name", "Breckenridge Brewery"], ["LIMIT", 1]]
  ↳ db/seeds.rb:18
  [1m[35m (0.0ms)[0m  [1m[36mbegin transaction[0m
  ↳ db/seeds.rb:18
  [1m[36mBrewery Create (0.3ms)[0m  [1m[32mINSERT INTO "breweries" ("name", "created_at", "updated_at") VALUES (?, ?, ?)[0m  [["name", "Breckenridge Brewery"], ["created_at", "2019-05-06 17:18:05.277158"], ["updated_at", "2019-05-06 17:18:05.277158"]]
  ↳ db/seeds.rb:18
  [1m[35m (1.1ms)[0m  [1m[36mcommit transaction[0m
  ↳ db/seeds.rb:18
  [1m[36mBrewery Load (0.1ms)[0m  [1m[34mSELECT  "breweries".* FROM "breweries" WHERE "breweries"."name" = ? LIMIT ?[0m  [["name", "Brouwerij De Leite"], ["LIMIT", 1]]
  ↳ db/seeds.rb:18
  [1m[35m (0.0ms)[0m  [1m[36mbegin transaction[0m
  ↳ db/seeds.rb:18
  [1m[36mBrewery Create (0.5ms)[0m  [1m[32mINSERT INTO "breweries" ("name", "created_at", "updated_at") VALUES (?, ?, ?)[0m  [["name", "Brouwerij De Leite"], ["created_at", "2019-05-06 17:18:05.280580"], ["updated_at", "2019-05-06 17:18:05.280580"]]
  ↳ db/seeds.rb:18
  [1m[35m (0.7ms)[0m  [1m[36mcommit transaction[0m
  ↳ db/seeds.rb:18
  [1m[36mBrewery Load (0.1ms)[0m  [1m[34mSELECT  "breweries".* FROM "breweries" WHERE "breweries"."name" = ? LIMIT ?[0m  [["name", "Dock Street Brewery"], ["LIMIT", 1]]
  ↳ db/seeds.rb:18
  [1m[35m (0.0ms)[0m  [1m[36mbegin transaction[0m
  ↳ db/seeds.rb:18
  [1m[36mBrewery Create (0.3ms)[0m  [1m[32mINSERT INTO "breweries" ("name", "created_at", "updated_at") VALUES (?, ?, ?)[0m  [["name", "Dock Street Brewery"], ["created_at", "2019-05-06 17:18:05.284933"], ["updated_at", "2019-05-06 17:18:05.284933"]]
  ↳ db/seeds.rb:18
  [1m[35m (0.7ms)[0m  [1m[36mcommit transaction[0m
  ↳ db/seeds.rb:18
  [1m[36mBrewery Load (0.1ms)[0m  [1m[34mSELECT  "breweries".* FROM "breweries" WHERE "breweries"."name" = ? LIMIT ?[0m  [["name", "Guinness"], ["LIMIT", 1]]
  ↳ db/seeds.rb:18
  [1m[35m (0.0ms)[0m  [1m[36mbegin transaction[0m
  ↳ db/seeds.rb:18
  [1m[36mBrewery Create (0.3ms)[0m  [1m[32mINSERT INTO "breweries" ("name", "created_at", "updated_at") VALUES (?, ?, ?)[0m  [["name", "Guinness"], ["created_at", "2019-05-06 17:18:05.288565"], ["updated_at", "2019-05-06 17:18:05.288565"]]
  ↳ db/seeds.rb:18
  [1m[35m (1.3ms)[0m  [1m[36mcommit transaction[0m
  ↳ db/seeds.rb:18
  [1m[36mBrewery Load (0.1ms)[0m  [1m[34mSELECT  "breweries".* FROM "breweries" WHERE "breweries"."name" = ? LIMIT ?[0m  [["name", "Harmon Brewing Company"], ["LIMIT", 1]]
  ↳ db/seeds.rb:18
  [1m[35m (0.0ms)[0m  [1m[36mbegin transaction[0m
  ↳ db/seeds.rb:18
  [1m[36mBrewery Create (0.3ms)[0m  [1m[32mINSERT INTO "breweries" ("name", "created_at", "updated_at") VALUES (?, ?, ?)[0m  [["name", "Harmon Brewing Company"], ["created_at", "2019-05-06 17:18:05.292053"], ["updated_at", "2019-05-06 17:18:05.292053"]]
  ↳ db/seeds.rb:18
  [1m[35m (0.9ms)[0m  [1m[36mcommit transaction[0m
  ↳ db/seeds.rb:18
  [1m[36mBrewery Load (0.1ms)[0m  [1m[34mSELECT  "breweries".* FROM "breweries" WHERE "breweries"."name" = ? LIMIT ?[0m  [["name", "Jackalope Brewing Company"], ["LIMIT", 1]]
  ↳ db/seeds.rb:18
  [1m[35m (0.0ms)[0m  [1m[36mbegin transaction[0m
  ↳ db/seeds.rb:18
  [1m[36mBrewery Create (0.3ms)[0m  [1m[32mINSERT INTO "breweries" ("name", "created_at", "updated_at") VALUES (?, ?, ?)[0m  [["name", "Jackalope Brewing Company"], ["created_at", "2019-05-06 17:18:05.294839"], ["updated_at", "2019-05-06 17:18:05.294839"]]
  ↳ db/seeds.rb:18
  [1m[35m (0.6ms)[0m  [1m[36mcommit transaction[0m
  ↳ db/seeds.rb:18
  [1m[36mBrewery Load (0.1ms)[0m  [1m[34mSELECT  "breweries".* FROM "breweries" WHERE "breweries"."name" = ? LIMIT ?[0m  [["name", "Lagunitas Brewing Company"], ["LIMIT", 1]]
  ↳ db/seeds.rb:18
  [1m[35m (0.0ms)[0m  [1m[36mbegin transaction[0m
  ↳ db/seeds.rb:18
  [1m[36mBrewery Create (0.3ms)[0m  [1m[32mINSERT INTO "breweries" ("name", "created_at", "updated_at") VALUES (?, ?, ?)[0m  [["name", "Lagunitas Brewing Company"], ["created_at", "2019-05-06 17:18:05.296999"], ["updated_at", "2019-05-06 17:18:05.296999"]]
  ↳ db/seeds.rb:18
  [1m[35m (1.1ms)[0m  [1m[36mcommit transaction[0m
  ↳ db/seeds.rb:18
  [1m[36mBrewery Load (0.1ms)[0m  [1m[34mSELECT  "breweries".* FROM "breweries" WHERE "breweries"."name" = ? LIMIT ?[0m  [["name", "Last Name Brewing"], ["LIMIT", 1]]
  ↳ db/seeds.rb:18
  [1m[35m (0.0ms)[0m  [1m[36mbegin transaction[0m
  ↳ db/seeds.rb:18
  [1m[36mBrewery Create (0.3ms)[0m  [1m[32mINSERT INTO "breweries" ("name", "created_at", "updated_at") VALUES (?, ?, ?)[0m  [["name", "Last Name Brewing"], ["created_at", "2019-05-06 17:18:05.299994"], ["updated_at", "2019-05-06 17:18:05.299994"]]
  ↳ db/seeds.rb:18
  [1m[35m (0.6ms)[0m  [1m[36mcommit transaction[0m
  ↳ db/seeds.rb:18
  [1m[36mBrewery Load (0.1ms)[0m  [1m[34mSELECT  "breweries".* FROM "breweries" WHERE "breweries"."name" = ? LIMIT ?[0m  [["name", "Laughing Dog Brewing"], ["LIMIT", 1]]
  ↳ db/seeds.rb:18
  [1m[35m (0.0ms)[0m  [1m[36mbegin transaction[0m
  ↳ db/seeds.rb:18
  [1m[36mBrewery Create (0.3ms)[0m  [1m[32mINSERT INTO "breweries" ("name", "created_at", "updated_at") VALUES (?, ?, ?)[0m  [["name", "Laughing Dog Brewing"], ["created_at", "2019-05-06 17:18:05.302203"], ["updated_at", "2019-05-06 17:18:05.302203"]]
  ↳ db/seeds.rb:18
  [1m[35m (0.8ms)[0m  [1m[36mcommit transaction[0m
  ↳ db/seeds.rb:18
  [1m[36mBrewery Load (0.1ms)[0m  [1m[34mSELECT  "breweries".* FROM "breweries" WHERE "breweries"."name" = ? LIMIT ?[0m  [["name", "Miller Brewing Company"], ["LIMIT", 1]]
  ↳ db/seeds.rb:18
  [1m[35m (0.0ms)[0m  [1m[36mbegin transaction[0m
  ↳ db/seeds.rb:18
  [1m[36mBrewery Create (0.2ms)[0m  [1m[32mINSERT INTO "breweries" ("name", "created_at", "updated_at") VALUES (?, ?, ?)[0m  [["name", "Miller Brewing Company"], ["created_at", "2019-05-06 17:18:05.304584"], ["updated_at", "2019-05-06 17:18:05.304584"]]
  ↳ db/seeds.rb:18
  [1m[35m (0.7ms)[0m  [1m[36mcommit transaction[0m
  ↳ db/seeds.rb:18
  [1m[36mBrewery Load (0.1ms)[0m  [1m[34mSELECT  "breweries".* FROM "breweries" WHERE "breweries"."name" = ? LIMIT ?[0m  [["name", "New Holland Brewing Company"], ["LIMIT", 1]]
  ↳ db/seeds.rb:18
  [1m[35m (0.0ms)[0m  [1m[36mbegin transaction[0m
  ↳ db/seeds.rb:18
  [1m[36mBrewery Create (0.2ms)[0m  [1m[32mINSERT INTO "breweries" ("name", "created_at", "updated_at") VALUES (?, ?, ?)[0m  [["name", "New Holland Brewing Company"], ["created_at", "2019-05-06 17:18:05.306607"], ["updated_at", "2019-05-06 17:18:05.306607"]]
  ↳ db/seeds.rb:18
  [1m[35m (0.9ms)[0m  [1m[36mcommit transaction[0m
  ↳ db/seeds.rb:18
  [1m[36mBrewery Load (0.1ms)[0m  [1m[34mSELECT  "breweries".* FROM "breweries" WHERE "breweries"."name" = ? LIMIT ?[0m  [["name", "Oskar Blues Brewery"], ["LIMIT", 1]]
  ↳ db/seeds.rb:18
  [1m[35m (0.0ms)[0m  [1m[36mbegin transaction[0m
  ↳ db/seeds.rb:18
  [1m[36mBrewery Create (0.2ms)[0m  [1m[32mINSERT INTO "breweries" ("name", "created_at", "updated_at") VALUES (?, ?, ?)[0m  [["name", "Oskar Blues Brewery"], ["created_at", "2019-05-06 17:18:05.309061"], ["updated_at", "2019-05-06 17:18:05.309061"]]
  ↳ db/seeds.rb:18
  [1m[35m (1.1ms)[0m  [1m[36mcommit transaction[0m
  ↳ db/seeds.rb:18
  [1m[36mBrewery Load (0.1ms)[0m  [1m[34mSELECT  "breweries".* FROM "breweries" WHERE "breweries"."name" = ? LIMIT ?[0m  [["name", "Portsmouth Brewery"], ["LIMIT", 1]]
  ↳ db/seeds.rb:18
  [1m[35m (0.0ms)[0m  [1m[36mbegin transaction[0m
  ↳ db/seeds.rb:18
  [1m[36mBrewery Create (0.3ms)[0m  [1m[32mINSERT INTO "breweries" ("name", "created_at", "updated_at") VALUES (?, ?, ?)[0m  [["name", "Portsmouth Brewery"], ["created_at", "2019-05-06 17:18:05.311925"], ["updated_at", "2019-05-06 17:18:05.311925"]]
  ↳ db/seeds.rb:18
  [1m[35m (0.7ms)[0m  [1m[36mcommit transaction[0m
  ↳ db/seeds.rb:18
  [1m[36mBrewery Load (0.1ms)[0m  [1m[34mSELECT  "breweries".* FROM "breweries" WHERE "breweries"."name" = ? LIMIT ?[0m  [["name", "Sierra Nevada Brewing Company"], ["LIMIT", 1]]
  ↳ db/seeds.rb:18
  [1m[35m (0.0ms)[0m  [1m[36mbegin transaction[0m
  ↳ db/seeds.rb:18
  [1m[36mBrewery Create (0.2ms)[0m  [1m[32mINSERT INTO "breweries" ("name", "created_at", "updated_at") VALUES (?, ?, ?)[0m  [["name", "Sierra Nevada Brewing Company"], ["created_at", "2019-05-06 17:18:05.314101"], ["updated_at", "2019-05-06 17:18:05.314101"]]
  ↳ db/seeds.rb:18
  [1m[35m (1.1ms)[0m  [1m[36mcommit transaction[0m
  ↳ db/seeds.rb:18
  [1m[36mBrewery Load (0.1ms)[0m  [1m[34mSELECT  "breweries".* FROM "breweries" WHERE "breweries"."name" = ? LIMIT ?[0m  [["name", "SweetWater Brewing Company"], ["LIMIT", 1]]
  ↳ db/seeds.rb:18
  [1m[35m (0.0ms)[0m  [1m[36mbegin transaction[0m
  ↳ db/seeds.rb:18
  [1m[36mBrewery Create (0.3ms)[0m  [1m[32mINSERT INTO "breweries" ("name", "created_at", "updated_at") VALUES (?, ?, ?)[0m  [["name", "SweetWater Brewing Company"], ["created_at", "2019-05-06 17:18:05.316973"], ["updated_at", "2019-05-06 17:18:05.316973"]]
  ↳ db/seeds.rb:18
  [1m[35m (0.6ms)[0m  [1m[36mcommit transaction[0m
  ↳ db/seeds.rb:18
  [1m[36mBrewery Load (0.1ms)[0m  [1m[34mSELECT  "breweries".* FROM "breweries" WHERE "breweries"."name" = ? LIMIT ?[0m  [["name", "Wachusett Brewing Company"], ["LIMIT", 1]]
  ↳ db/seeds.rb:18
  [1m[35m (0.0ms)[0m  [1m[36mbegin transaction[0m
  ↳ db/seeds.rb:18
  [1m[36mBrewery Create (0.2ms)[0m  [1m[32mINSERT INTO "breweries" ("name", "created_at", "updated_at") VALUES (?, ?, ?)[0m  [["name", "Wachusett Brewing Company"], ["created_at", "2019-05-06 17:18:05.318997"], ["updated_at", "2019-05-06 17:18:05.318997"]]
  ↳ db/seeds.rb:18
  [1m[35m (0.7ms)[0m  [1m[36mcommit transaction[0m
  ↳ db/seeds.rb:18
  [1m[36mBrewery Load (0.1ms)[0m  [1m[34mSELECT  "breweries".* FROM "breweries" WHERE "breweries"."name" = ? LIMIT ?[0m  [["name", "Zero Gravity Craft Brewery"], ["LIMIT", 1]]
  ↳ db/seeds.rb:18
  [1m[35m (0.0ms)[0m  [1m[36mbegin transaction[0m
  ↳ db/seeds.rb:18
  [1m[36mBrewery Create (0.3ms)[0m  [1m[32mINSERT INTO "breweries" ("name", "created_at", "updated_at") VALUES (?, ?, ?)[0m  [["name", "Zero Gravity Craft Brewery"], ["created_at", "2019-05-06 17:18:05.321139"], ["updated_at", "2019-05-06 17:18:05.321139"]]
  ↳ db/seeds.rb:18
  [1m[35m (1.1ms)[0m  [1m[36mcommit transaction[0m
  ↳ db/seeds.rb:18
  [1m[35m (0.1ms)[0m  [1m[34mSELECT "schema_migrations"."version" FROM "schema_migrations" ORDER BY "schema_migrations"."version" ASC[0m
  ↳ /Users/d.hallada/.rvm/rubies/ruby-2.6.1/lib/ruby/gems/2.6.0/gems/rake-12.3.2/lib/rake/task.rb:273
  [1m[35m (0.1ms)[0m  [1m[34mSELECT "ar_internal_metadata"."value" FROM "ar_internal_metadata" WHERE "ar_internal_metadata"."key" = ?[0m  [["key", "environment"]]
  ↳ /Users/d.hallada/.rvm/rubies/ruby-2.6.1/lib/ruby/gems/2.6.0/gems/rake-12.3.2/lib/rake/task.rb:273
  [1m[35m (0.0ms)[0m  [1m[34mSELECT "schema_migrations"."version" FROM "schema_migrations" ORDER BY "schema_migrations"."version" ASC[0m
  ↳ /Users/d.hallada/.rvm/rubies/ruby-2.6.1/lib/ruby/gems/2.6.0/gems/rake-12.3.2/lib/rake/task.rb:273
  [1m[35m (0.0ms)[0m  [1m[34mSELECT "ar_internal_metadata"."value" FROM "ar_internal_metadata" WHERE "ar_internal_metadata"."key" = ?[0m  [["key", "environment"]]
  ↳ /Users/d.hallada/.rvm/rubies/ruby-2.6.1/lib/ruby/gems/2.6.0/gems/rake-12.3.2/lib/rake/task.rb:273
  [1m[35m (0.0ms)[0m  [1m[34mSELECT "schema_migrations"."version" FROM "schema_migrations" ORDER BY "schema_migrations"."version" ASC[0m
  ↳ /Users/d.hallada/.rvm/rubies/ruby-2.6.1/lib/ruby/gems/2.6.0/gems/rake-12.3.2/lib/rake/task.rb:273
  [1m[35m (0.1ms)[0m  [1m[34mSELECT "ar_internal_metadata"."value" FROM "ar_internal_metadata" WHERE "ar_internal_metadata"."key" = ?[0m  [["key", "environment"]]
  ↳ /Users/d.hallada/.rvm/rubies/ruby-2.6.1/lib/ruby/gems/2.6.0/gems/rake-12.3.2/lib/rake/task.rb:273
